Build started 11/9/2013 7:04:40 PM.
     1>Project "\\banner.main.ad.rit.edu\students\rbv7405\IGMProfile\Desktop\GeometryWarz\GeometryWarz\A5 Geometry Warz\Example1\Example1.vcxproj" on node 2 (Build target(s)).
     1>ClCompile:
         C:\Program Files (x86)\Microsoft Visual Studio 11.0\VC\bin\CL.exe /c /ZI /nologo /W3 /WX- /Od /Oy- /D _MBCS /Gm /EHsc /RTC1 /MDd /GS /fp:precise /Zc:wchar_t /Zc:forScope /Fo"Debug\\" /Fd"Debug\vc110.pdb" /Gd /TP /analyze- /errorReport:prompt main.cpp
         main.cpp
     1>\\banner.main.ad.rit.edu\students\rbv7405\igmprofile\desktop\geometrywarz\geometrywarz\a5 geometry warz\example1\main.cpp(29): warning C4244: 'initializing' : conversion from 'double' to 'const GLfloat', possible loss of data
     1>\\banner.main.ad.rit.edu\students\rbv7405\igmprofile\desktop\geometrywarz\geometrywarz\a5 geometry warz\example1\main.cpp(39): warning C4305: 'initializing' : truncation from 'double' to 'float'
     1>\\banner.main.ad.rit.edu\students\rbv7405\igmprofile\desktop\geometrywarz\geometrywarz\a5 geometry warz\example1\main.cpp(51): warning C4305: 'argument' : truncation from 'double' to 'GLfloat'
     1>\\banner.main.ad.rit.edu\students\rbv7405\igmprofile\desktop\geometrywarz\geometrywarz\a5 geometry warz\example1\main.cpp(56): warning C4305: 'argument' : truncation from 'double' to 'GLfloat'
     1>\\banner.main.ad.rit.edu\students\rbv7405\igmprofile\desktop\geometrywarz\geometrywarz\a5 geometry warz\example1\main.cpp(74): warning C4305: 'argument' : truncation from 'double' to 'GLfloat'
     1>\\banner.main.ad.rit.edu\students\rbv7405\igmprofile\desktop\geometrywarz\geometrywarz\a5 geometry warz\example1\main.cpp(77): warning C4305: 'argument' : truncation from 'double' to 'GLfloat'
     1>\\banner.main.ad.rit.edu\students\rbv7405\igmprofile\desktop\geometrywarz\geometrywarz\a5 geometry warz\example1\main.cpp(80): warning C4305: 'argument' : truncation from 'double' to 'GLfloat'
     1>\\banner.main.ad.rit.edu\students\rbv7405\igmprofile\desktop\geometrywarz\geometrywarz\a5 geometry warz\example1\main.cpp(123): warning C4305: 'initializing' : truncation from 'double' to 'float'
     1>\\banner.main.ad.rit.edu\students\rbv7405\igmprofile\desktop\geometrywarz\geometrywarz\a5 geometry warz\example1\main.cpp(167): warning C4244: 'argument' : conversion from 'time_t' to 'unsigned int', possible loss of data
       Link:
         C:\Program Files (x86)\Microsoft Visual Studio 11.0\VC\bin\link.exe /ERRORREPORT:PROMPT /OUT:"\\banner.main.ad.rit.edu\students\rbv7405\IGMProfile\Desktop\GeometryWarz\GeometryWarz\A5 Geometry Warz\Debug\Perspective.exe" /INCREMENTAL /NOLOGO glew32.lib freeglut.lib kernel32.lib user32.lib gdi32.lib winspool.lib comdlg32.lib advapi32.lib shell32.lib ole32.lib oleaut32.lib uuid.lib odbc32.lib odbccp32.lib /MANIFEST /MANIFESTUAC:"level='asInvoker' uiAccess='false'" /manifest:embed /DEBUG /PDB:"\\banner.main.ad.rit.edu\students\rbv7405\IGMProfile\Desktop\GeometryWarz\GeometryWarz\A5 Geometry Warz\Debug\Perspective.pdb" /TLBID:1 /DYNAMICBASE /NXCOMPAT /IMPLIB:"\\banner.main.ad.rit.edu\students\rbv7405\IGMProfile\Desktop\GeometryWarz\GeometryWarz\A5 Geometry Warz\Debug\Perspective.lib" /MACHINE:X86 Debug\Cube.obj
         Debug\main.obj
         Debug\InitShader.obj
         Debug\Octahedron.obj
         Debug\Polyhedron.obj
         Debug\Tetrahedron.obj
         Example1.vcxproj -> \\banner.main.ad.rit.edu\students\rbv7405\IGMProfile\Desktop\GeometryWarz\GeometryWarz\A5 Geometry Warz\Debug\Perspective.exe
       PostBuildEvent:
         xcopy "\\banner.main.ad.rit.edu\students\rbv7405\IGMProfile\Desktop\GeometryWarz\GeometryWarz\A5 Geometry Warz\GL\x86\bin" "\\banner.main.ad.rit.edu\students\rbv7405\IGMProfile\Desktop\GeometryWarz\GeometryWarz\A5 Geometry Warz\Debug" /y
         :VCEnd
         \\banner.main.ad.rit.edu\students\rbv7405\IGMProfile\Desktop\GeometryWarz\GeometryWarz\A5 Geometry Warz\GL\x86\bin\freeglut.dll
         \\banner.main.ad.rit.edu\students\rbv7405\IGMProfile\Desktop\GeometryWarz\GeometryWarz\A5 Geometry Warz\GL\x86\bin\glew32.dll
         \\banner.main.ad.rit.edu\students\rbv7405\IGMProfile\Desktop\GeometryWarz\GeometryWarz\A5 Geometry Warz\GL\x86\bin\glew32mx.dll
         \\banner.main.ad.rit.edu\students\rbv7405\IGMProfile\Desktop\GeometryWarz\GeometryWarz\A5 Geometry Warz\GL\x86\bin\GLFW.dll
         4 File(s) copied
     1>Done Building Project "\\banner.main.ad.rit.edu\students\rbv7405\IGMProfile\Desktop\GeometryWarz\GeometryWarz\A5 Geometry Warz\Example1\Example1.vcxproj" (Build target(s)).

Build succeeded.

Time Elapsed 00:00:06.09
